2025-03-02 08:39:48,594 [INFO] Activator:176 - 


2025-03-02 08:39:48,596 [INFO] Activator:177 - !SESSION log4j initialized
2025-03-02 08:39:52,394 [INFO] LogOutputStream:77 - [STDOUT_REDIRECT] 
2025-03-02 08:40:17,142 [INFO] ApplicationProperties:184 - Using Application install path: C:\ST\STM32CubeIDE_1.17.0\STM32CubeIDE\plugins\com.st.stm32cube.common.mx_6.13.0.202411220809
2025-03-02 08:40:17,157 [INFO] DbMcusXml:78 - Set database path to: C:\ST\STM32CubeIDE_1.17.0\STM32CubeIDE\plugins\com.st.stm32cube.common.mx_6.13.0.202411220809\\db\/mcu/
2025-03-02 08:40:17,157 [INFO] ApiDb:274 - Set plugin database path to: C:\ST\STM32CubeIDE_1.17.0\STM32CubeIDE\plugins\com.st.stm32cube.common.mx_6.13.0.202411220809\\db\/plugins/boardmanager/
2025-03-02 08:40:17,157 [WARN] ApiDb:259 - Overriding images path with different value:  => C:\ST\STM32CubeIDE_1.17.0\STM32CubeIDE\plugins\com.st.stm32cube.common.mx_6.13.0.202411220809\\db\/plugins/mcufinder/images/
2025-03-02 08:40:17,162 [INFO] ApiDb:250 - Set database path to: C:\Users\sragh\.stmcufinder\plugins\mcufinder//mcu/
2025-03-02 08:40:17,163 [INFO] DbMcusAds:125 - Set database path to: C:\Users\sragh\.stmcufinder\plugins\mcufinder//mcu/
2025-03-02 08:40:17,189 [INFO] CrossReferenceDbSqlite:203 - Set database path to: C:\Users\sragh\.stmcufinder\plugins\mcufinder//mcu/cs/
2025-03-02 08:40:17,367 [INFO] RulesReader:64 - Compatibility file has been processed (297 Rules)
2025-03-02 08:40:17,466 [INFO] DbMcusXml:78 - Set database path to: C:\ST\STM32CubeIDE_1.17.0\STM32CubeIDE\plugins\com.st.stm32cube.common.mx_6.13.0.202411220809\\db\/mcu/
2025-03-02 08:40:17,466 [INFO] ApiDb:274 - Set plugin database path to: C:\ST\STM32CubeIDE_1.17.0\STM32CubeIDE\plugins\com.st.stm32cube.common.mx_6.13.0.202411220809\\db\/plugins/boardmanager/
2025-03-02 08:40:17,466 [INFO] ApiDb:261 - Set plugin images path to: C:\ST\STM32CubeIDE_1.17.0\STM32CubeIDE\plugins\com.st.stm32cube.common.mx_6.13.0.202411220809\\db\/plugins/mcufinder/images/
2025-03-02 08:40:17,466 [WARN] DbFile:41 - Overriding database path with different value: C:\Users\sragh\.stmcufinder\plugins\mcufinder/ => C:\Users\sragh\.stmcufinder\plugins\mcufinder
2025-03-02 08:40:17,466 [INFO] ApiDb:250 - Set database path to: C:\Users\sragh\.stmcufinder\plugins\mcufinder//mcu/
2025-03-02 08:40:17,466 [WARN] DbFile:41 - Overriding database path with different value: C:\Users\sragh\.stmcufinder\plugins\mcufinder/ => C:\Users\sragh\.stmcufinder\plugins\mcufinder
2025-03-02 08:40:17,466 [INFO] DbMcusAds:125 - Set database path to: C:\Users\sragh\.stmcufinder\plugins\mcufinder//mcu/
2025-03-02 08:40:17,466 [WARN] DbFile:41 - Overriding database path with different value: C:\Users\sragh\.stmcufinder\plugins\mcufinder/ => C:\Users\sragh\.stmcufinder\plugins\mcufinder
2025-03-02 08:40:17,466 [WARN] DbFile:41 - Overriding database path with different value: C:\Users\sragh\.stmcufinder\plugins\mcufinder/ => C:\Users\sragh\.stmcufinder\plugins\mcufinder
2025-03-02 08:40:17,466 [INFO] CrossReferenceDbSqlite:203 - Set database path to: C:\Users\sragh\.stmcufinder\plugins\mcufinder//mcu/cs/
2025-03-02 08:40:17,549 [INFO] MainPanel:272 - HeapMemory: 268435456
2025-03-02 08:40:17,675 [INFO] DbMcusXml:78 - Set database path to: C:\ST\STM32CubeIDE_1.17.0\STM32CubeIDE\plugins\com.st.stm32cube.common.mx_6.13.0.202411220809\\db\/mcu/
2025-03-02 08:40:17,675 [INFO] ApiDb:274 - Set plugin database path to: C:\ST\STM32CubeIDE_1.17.0\STM32CubeIDE\plugins\com.st.stm32cube.common.mx_6.13.0.202411220809\\db\/plugins/boardmanager/
2025-03-02 08:40:17,676 [INFO] ApiDb:261 - Set plugin images path to: C:\ST\STM32CubeIDE_1.17.0\STM32CubeIDE\plugins\com.st.stm32cube.common.mx_6.13.0.202411220809\\db\/plugins/mcufinder/images/
2025-03-02 08:40:17,676 [WARN] DbFile:41 - Overriding database path with different value: C:\Users\sragh\.stmcufinder\plugins\mcufinder/ => C:\Users\sragh\.stmcufinder\plugins\mcufinder
2025-03-02 08:40:17,676 [INFO] ApiDb:250 - Set database path to: C:\Users\sragh\.stmcufinder\plugins\mcufinder//mcu/
2025-03-02 08:40:17,676 [WARN] DbFile:41 - Overriding database path with different value: C:\Users\sragh\.stmcufinder\plugins\mcufinder/ => C:\Users\sragh\.stmcufinder\plugins\mcufinder
2025-03-02 08:40:17,676 [INFO] DbMcusAds:125 - Set database path to: C:\Users\sragh\.stmcufinder\plugins\mcufinder//mcu/
2025-03-02 08:40:17,676 [WARN] DbFile:41 - Overriding database path with different value: C:\Users\sragh\.stmcufinder\plugins\mcufinder/ => C:\Users\sragh\.stmcufinder\plugins\mcufinder
2025-03-02 08:40:17,676 [WARN] DbFile:41 - Overriding database path with different value: C:\Users\sragh\.stmcufinder\plugins\mcufinder/ => C:\Users\sragh\.stmcufinder\plugins\mcufinder
2025-03-02 08:40:17,676 [INFO] CrossReferenceDbSqlite:203 - Set database path to: C:\Users\sragh\.stmcufinder\plugins\mcufinder//mcu/cs/
2025-03-02 08:40:17,693 [INFO] ApplicationProperties:184 - Using Application install path: C:\ST\STM32CubeIDE_1.17.0\STM32CubeIDE\plugins\com.st.stm32cube.common.mx_6.13.0.202411220809
2025-03-02 08:40:17,694 [INFO] PluginManage:196 - Search for loadable plugins [exclusion list=, ]
2025-03-02 08:40:17,695 [INFO] PluginManage:310 - Check plugin analytics
2025-03-02 08:40:18,036 [INFO] AnalyticsPlugin:253 - Accepted Software Licenses: 
2025-03-02 08:40:18,037 [INFO] AnalyticsPlugin:255 - Accepted CMSIS Pack Licenses: 
2025-03-02 08:40:18,038 [INFO] AnalyticsPlugin:257 - Accepted Firmware Licenses: FW.F4.1.28.0
2025-03-02 08:40:18,048 [INFO] PluginManage:359 - Loaded plugin analytics (category:tool,tabindex:-1)
2025-03-02 08:40:18,049 [INFO] PluginManage:310 - Check plugin cadmodel
2025-03-02 08:40:18,079 [INFO] CADModel:105 - Init CAD model plugin
2025-03-02 08:40:18,079 [INFO] PluginManage:359 - Loaded plugin cadmodel (category:power,tabindex:5)
2025-03-02 08:40:18,079 [INFO] PluginManage:310 - Check plugin clock
2025-03-02 08:40:18,104 [INFO] PluginManage:359 - Loaded plugin clock (category:base,tabindex:2)
2025-03-02 08:40:18,104 [INFO] PluginManage:310 - Check plugin ddr
2025-03-02 08:40:18,107 [INFO] PluginManage:359 - Loaded plugin ddr (category:tool,tabindex:6)
2025-03-02 08:40:18,107 [INFO] PluginManage:310 - Check plugin filemanager
2025-03-02 08:40:18,277 [INFO] PluginManage:359 - Loaded plugin filemanager (category:base,tabindex:10)
2025-03-02 08:40:18,277 [INFO] PluginManage:310 - Check plugin ipmanager
2025-03-02 08:40:18,283 [INFO] PluginManage:359 - Loaded plugin ipmanager (category:base,tabindex:5)
2025-03-02 08:40:18,283 [INFO] PluginManage:310 - Check plugin lpbam
2025-03-02 08:40:18,303 [INFO] PluginManage:359 - Loaded plugin lpbam (category:base,tabindex:0)
2025-03-02 08:40:18,303 [INFO] PluginManage:310 - Check plugin memorymap
2025-03-02 08:40:18,337 [INFO] PluginManage:359 - Loaded plugin memorymap (category:base,tabindex:4)
2025-03-02 08:40:18,337 [INFO] PluginManage:310 - Check plugin pinoutandconfiguration
2025-03-02 08:40:18,354 [INFO] PluginManage:359 - Loaded plugin pinoutandconfiguration (category:base,tabindex:1)
2025-03-02 08:40:18,354 [INFO] PluginManage:310 - Check plugin pinoutconfig
2025-03-02 08:40:18,611 [WARN] SupportedApi:132 - Cannot load RTOS API schema: s4s-elt-must-match.1: The content of 'definitions' must match (annotation?, (simpleType | complexType)?, (unique | key | keyref)*)). A problem was found starting at: attribute.
2025-03-02 08:40:18,828 [INFO] PluginManage:359 - Loaded plugin pinoutconfig (category:base,tabindex:0)
2025-03-02 08:40:18,828 [INFO] PluginManage:310 - Check plugin power
2025-03-02 08:40:18,863 [INFO] PluginManage:359 - Loaded plugin power (category:power,tabindex:4)
2025-03-02 08:40:18,863 [INFO] PluginManage:310 - Check plugin projectmanager
2025-03-02 08:40:18,885 [INFO] PluginManage:359 - Loaded plugin projectmanager (category:projectmanager,tabindex:4)
2025-03-02 08:40:18,886 [INFO] PluginManage:310 - Check plugin rif
2025-03-02 08:40:18,920 [INFO] PluginManage:359 - Loaded plugin rif (category:base,tabindex:3)
2025-03-02 08:40:18,921 [INFO] PluginManage:310 - Check plugin thirdparty
2025-03-02 08:40:19,298 [INFO] PluginManage:359 - Loaded plugin thirdparty (category:base,tabindex:-1)
2025-03-02 08:40:19,298 [INFO] PluginManage:310 - Check plugin tools
2025-03-02 08:40:19,298 [WARN] IntegrityCheckThread:84 - waiting for thirdparty lock release [integrity check]
2025-03-02 08:40:19,298 [INFO] IntegrityCheckThread:86 - entering critical section [integrity check]
2025-03-02 08:40:19,298 [INFO] ThirdPartyUpdaterWithRetryManager:70 - Updater plugin not ready yet. [1/15]
2025-03-02 08:40:19,346 [INFO] PluginManage:359 - Loaded plugin tools (category:base,tabindex:7)
2025-03-02 08:40:19,346 [INFO] PluginManage:310 - Check plugin tutovideos
2025-03-02 08:40:19,600 [INFO] PluginManage:359 - Loaded plugin tutovideos (category:base,tabindex:-1)
2025-03-02 08:40:19,601 [INFO] PluginManage:310 - Check plugin updater
2025-03-02 08:40:19,621 [INFO] PluginManage:359 - Loaded plugin updater (category:base,tabindex:12)
2025-03-02 08:40:19,621 [INFO] PluginManage:310 - Check plugin userauth
2025-03-02 08:40:19,625 [INFO] UserAuth:118 - Init User Auth plugin
2025-03-02 08:40:19,626 [INFO] PluginManage:359 - Loaded plugin userauth (category:base,tabindex:14)
2025-03-02 08:40:19,626 [INFO] PluginManage:283 - PluginManage : Loaded plugins [18]
2025-03-02 08:40:19,867 [INFO] PinOutPanel:1589 - setPackage(No Configuration,No Configuration)
2025-03-02 08:40:19,974 [INFO] CADModel:165 - CPN selected for project level
2025-03-02 08:40:19,974 [INFO] CADModel:114 - Register for checkConnection events
2025-03-02 08:40:20,003 [INFO] IPUIPlugin:80 - create IPUIPlugin
2025-03-02 08:40:20,003 [INFO] PluginManager:220 - loadIPPluginJar : add adc
2025-03-02 08:40:20,059 [INFO] IPUIPlugin:80 - create IPUIPlugin
2025-03-02 08:40:20,059 [INFO] PluginManager:220 - loadIPPluginJar : add aes
2025-03-02 08:40:20,143 [INFO] IPUIPlugin:80 - create IPUIPlugin
2025-03-02 08:40:20,144 [INFO] PluginManager:220 - loadIPPluginJar : add can
2025-03-02 08:40:20,147 [INFO] IPUIPlugin:80 - create IPUIPlugin
2025-03-02 08:40:20,147 [INFO] PluginManager:220 - loadIPPluginJar : add comp
2025-03-02 08:40:20,190 [INFO] IPUIPlugin:80 - create IPUIPlugin
2025-03-02 08:40:20,190 [INFO] PluginManager:220 - loadIPPluginJar : add cryp
2025-03-02 08:40:20,206 [INFO] IPUIPlugin:80 - create IPUIPlugin
2025-03-02 08:40:20,206 [INFO] PluginManager:220 - loadIPPluginJar : add ddr_ctrl_phy
2025-03-02 08:40:20,212 [INFO] IPUIPlugin:80 - create IPUIPlugin
2025-03-02 08:40:20,212 [INFO] PluginManager:220 - loadIPPluginJar : add dfsdm
2025-03-02 08:40:20,233 [INFO] IPUIPlugin:80 - create IPUIPlugin
2025-03-02 08:40:20,234 [INFO] PluginManager:220 - loadIPPluginJar : add dma
2025-03-02 08:40:20,274 [INFO] IPUIPlugin:80 - create IPUIPlugin
2025-03-02 08:40:20,274 [INFO] PluginManager:220 - loadIPPluginJar : add dma3
2025-03-02 08:40:20,401 [INFO] IPUIPlugin:80 - create IPUIPlugin
2025-03-02 08:40:20,401 [INFO] PluginManager:220 - loadIPPluginJar : add extmemmanager
2025-03-02 08:40:20,433 [INFO] IPUIPlugin:80 - create IPUIPlugin
2025-03-02 08:40:20,433 [INFO] PluginManager:220 - loadIPPluginJar : add fatfs
2025-03-02 08:40:20,551 [INFO] IPUIPlugin:80 - create IPUIPlugin
2025-03-02 08:40:20,551 [INFO] PluginManager:220 - loadIPPluginJar : add fmc
2025-03-02 08:40:20,573 [INFO] IPUIPlugin:80 - create IPUIPlugin
2025-03-02 08:40:20,573 [INFO] PluginManager:220 - loadIPPluginJar : add freertos
2025-03-02 08:40:20,629 [INFO] IPUIPlugin:80 - create IPUIPlugin
2025-03-02 08:40:20,630 [INFO] PluginManager:220 - loadIPPluginJar : add genericplugin
2025-03-02 08:40:20,779 [INFO] IPUIPlugin:80 - create IPUIPlugin
2025-03-02 08:40:20,779 [INFO] PluginManager:220 - loadIPPluginJar : add gfxmmu
2025-03-02 08:40:20,937 [INFO] IPUIPlugin:80 - create IPUIPlugin
2025-03-02 08:40:20,937 [INFO] PluginManager:220 - loadIPPluginJar : add gic
2025-03-02 08:40:20,949 [INFO] IPUIPlugin:80 - create IPUIPlugin
2025-03-02 08:40:20,949 [INFO] PluginManager:220 - loadIPPluginJar : add gpio
2025-03-02 08:40:21,100 [INFO] IPUIPlugin:80 - create IPUIPlugin
2025-03-02 08:40:21,100 [INFO] PluginManager:220 - loadIPPluginJar : add gtzc
2025-03-02 08:40:21,146 [INFO] IPUIPlugin:80 - create IPUIPlugin
2025-03-02 08:40:21,146 [INFO] PluginManager:220 - loadIPPluginJar : add hash
2025-03-02 08:40:21,230 [INFO] IPUIPlugin:80 - create IPUIPlugin
2025-03-02 08:40:21,230 [INFO] PluginManager:220 - loadIPPluginJar : add i2c
2025-03-02 08:40:21,284 [INFO] IPUIPlugin:80 - create IPUIPlugin
2025-03-02 08:40:21,284 [INFO] PluginManager:220 - loadIPPluginJar : add i2s
2025-03-02 08:40:21,362 [INFO] IPUIPlugin:80 - create IPUIPlugin
2025-03-02 08:40:21,362 [INFO] PluginManager:220 - loadIPPluginJar : add i3c
2025-03-02 08:40:21,523 [INFO] IPUIPlugin:80 - create IPUIPlugin
2025-03-02 08:40:21,523 [INFO] PluginManager:220 - loadIPPluginJar : add ipddr
2025-03-02 08:40:21,671 [INFO] IPUIPlugin:80 - create IPUIPlugin
2025-03-02 08:40:21,671 [INFO] PluginManager:220 - loadIPPluginJar : add linkedlist
2025-03-02 08:40:21,723 [INFO] IPUIPlugin:80 - create IPUIPlugin
2025-03-02 08:40:21,723 [INFO] PluginManager:220 - loadIPPluginJar : add lorawan
2025-03-02 08:40:21,780 [INFO] IPUIPlugin:80 - create IPUIPlugin
2025-03-02 08:40:21,780 [INFO] PluginManager:220 - loadIPPluginJar : add ltdc
2025-03-02 08:40:21,795 [INFO] IPUIPlugin:80 - create IPUIPlugin
2025-03-02 08:40:21,795 [INFO] PluginManager:220 - loadIPPluginJar : add mdma
2025-03-02 08:40:21,807 [INFO] IPUIPlugin:80 - create IPUIPlugin
2025-03-02 08:40:21,807 [INFO] PluginManager:220 - loadIPPluginJar : add nvic
2025-03-02 08:40:21,860 [INFO] IPUIPlugin:80 - create IPUIPlugin
2025-03-02 08:40:21,860 [INFO] PluginManager:220 - loadIPPluginJar : add opamp
2025-03-02 08:40:21,966 [INFO] IPUIPlugin:80 - create IPUIPlugin
2025-03-02 08:40:21,966 [INFO] PluginManager:220 - loadIPPluginJar : add openamp
2025-03-02 08:40:22,024 [INFO] IPUIPlugin:80 - create IPUIPlugin
2025-03-02 08:40:22,024 [INFO] PluginManager:220 - loadIPPluginJar : add pdm2pcm
2025-03-02 08:40:22,039 [INFO] IPUIPlugin:80 - create IPUIPlugin
2025-03-02 08:40:22,044 [INFO] PluginManager:220 - loadIPPluginJar : add plateformsettings
2025-03-02 08:40:22,047 [INFO] IPUIPlugin:80 - create IPUIPlugin
2025-03-02 08:40:22,047 [INFO] PluginManager:220 - loadIPPluginJar : add quadspi
2025-03-02 08:40:22,086 [INFO] IPUIPlugin:80 - create IPUIPlugin
2025-03-02 08:40:22,087 [INFO] PluginManager:220 - loadIPPluginJar : add radio
2025-03-02 08:40:22,112 [INFO] IPUIPlugin:80 - create IPUIPlugin
2025-03-02 08:40:22,112 [INFO] PluginManager:220 - loadIPPluginJar : add resmgrutility
2025-03-02 08:40:22,173 [INFO] IPUIPlugin:80 - create IPUIPlugin
2025-03-02 08:40:22,173 [INFO] PluginManager:220 - loadIPPluginJar : add sai
2025-03-02 08:40:22,225 [INFO] IPUIPlugin:80 - create IPUIPlugin
2025-03-02 08:40:22,225 [INFO] PluginManager:220 - loadIPPluginJar : add spi
2025-03-02 08:40:22,300 [INFO] ThirdPartyUpdaterWithRetryManager:70 - Updater plugin not ready yet. [2/15]
2025-03-02 08:40:22,315 [INFO] IPUIPlugin:80 - create IPUIPlugin
2025-03-02 08:40:22,315 [INFO] PluginManager:220 - loadIPPluginJar : add stm32_wpan
2025-03-02 08:40:22,355 [INFO] IPUIPlugin:80 - create IPUIPlugin
2025-03-02 08:40:22,356 [INFO] PluginManager:220 - loadIPPluginJar : add tim
2025-03-02 08:40:22,438 [INFO] IPUIPlugin:80 - create IPUIPlugin
2025-03-02 08:40:22,438 [INFO] PluginManager:220 - loadIPPluginJar : add touchsensing
2025-03-02 08:40:22,465 [INFO] IPUIPlugin:80 - create IPUIPlugin
2025-03-02 08:40:22,465 [INFO] PluginManager:220 - loadIPPluginJar : add tracer_emb
2025-03-02 08:40:22,519 [INFO] IPUIPlugin:80 - create IPUIPlugin
2025-03-02 08:40:22,519 [INFO] PluginManager:220 - loadIPPluginJar : add ts
2025-03-02 08:40:22,558 [INFO] IPUIPlugin:80 - create IPUIPlugin
2025-03-02 08:40:22,558 [INFO] PluginManager:220 - loadIPPluginJar : add tsc
2025-03-02 08:40:22,581 [INFO] IPUIPlugin:80 - create IPUIPlugin
2025-03-02 08:40:22,582 [INFO] PluginManager:220 - loadIPPluginJar : add ucpd
2025-03-02 08:40:22,649 [INFO] IPUIPlugin:80 - create IPUIPlugin
2025-03-02 08:40:22,649 [INFO] PluginManager:220 - loadIPPluginJar : add usart
2025-03-02 08:40:22,709 [INFO] IPUIPlugin:80 - create IPUIPlugin
2025-03-02 08:40:22,709 [INFO] PluginManager:220 - loadIPPluginJar : add usbx
2025-03-02 08:40:22,878 [FATAL] Updater:351 - Updater called before beeing initialized
2025-03-02 08:40:22,916 [INFO] RulesReader:64 - Compatibility file has been processed (297 Rules)
2025-03-02 08:40:22,931 [INFO] RulesReader:64 - Compatibility file has been processed (297 Rules)
2025-03-02 08:40:22,956 [INFO] CADModel:165 - CPN selected for project level
2025-03-02 08:40:22,956 [INFO] CADModel:114 - Register for checkConnection events
2025-03-02 08:40:22,956 [FATAL] Updater:351 - Updater called before beeing initialized
2025-03-02 08:40:22,957 [ERROR] CADModel:125 - Updater not yet initialized, retry later 
2025-03-02 08:40:23,118 [FATAL] Updater:351 - Updater called before beeing initialized
2025-03-02 08:40:23,120 [INFO] CADModel:165 - CPN selected for project level
2025-03-02 08:40:23,120 [INFO] CADModel:114 - Register for checkConnection events
2025-03-02 08:40:23,120 [FATAL] Updater:351 - Updater called before beeing initialized
2025-03-02 08:40:23,121 [ERROR] CADModel:125 - Updater not yet initialized, retry later 
2025-03-02 08:40:23,123 [FATAL] Updater:351 - Updater called before beeing initialized
2025-03-02 08:40:23,296 [FATAL] Updater:351 - Updater called before beeing initialized
2025-03-02 08:40:23,311 [INFO] DbMcusAds:53 - JSON generation date=Tue Dec 17 10:01:15 CST 2024 (1734451275189)
2025-03-02 08:40:23,311 [FATAL] Updater:351 - Updater called before beeing initialized
2025-03-02 08:40:23,373 [WARN] DetailPanel:346 - Failed to get advertising image, set to default
2025-03-02 08:40:23,694 [FATAL] Updater:351 - Updater called before beeing initialized
2025-03-02 08:40:23,700 [FATAL] Updater:351 - Updater called before beeing initialized
2025-03-02 08:40:23,700 [FATAL] Updater:351 - Updater called before beeing initialized
2025-03-02 08:40:23,700 [WARN] DetailPanel:346 - Failed to get advertising image, set to default
2025-03-02 08:40:23,702 [FATAL] Updater:351 - Updater called before beeing initialized
2025-03-02 08:40:23,775 [ERROR] Updater:1198 - MainUpdater not yet initialized. External WinMGr cannot be set.
2025-03-02 08:40:23,795 [INFO] Updater:1134 - Updater Version found : 6.13.0
2025-03-02 08:40:23,823 [INFO] ApplicationProperties:184 - Using Application install path: C:\ST\STM32CubeIDE_1.17.0\STM32CubeIDE\plugins\com.st.stm32cube.common.mx_6.13.0.202411220809
2025-03-02 08:40:25,302 [INFO] ThirdPartyUpdaterWithRetryManager:70 - Updater plugin not ready yet. [3/15]
2025-03-02 08:40:25,400 [ERROR] LogOutputStream:75 - [STDERR_REDIRECT] Mar 02, 2025 8:40:25 AM java.util.prefs.WindowsPreferences <init>
2025-03-02 08:40:25,402 [ERROR] LogOutputStream:75 - [STDERR_REDIRECT] WARNING: Could not open/create prefs root node Software\JavaSoft\Prefs at root 0xffffffff80000002. Windows RegCreateKeyEx(...) returned error code 5.
2025-03-02 08:40:25,402 [ERROR] LogOutputStream:75 - [STDERR_REDIRECT] 
2025-03-02 08:40:25,829 [INFO] MainUpdater:2872 - connection check result : 10
2025-03-02 08:40:25,829 [INFO] MainUpdater:3566 - Updater definition file requires update
2025-03-02 08:40:25,830 [INFO] MainUpdater:289 - Updater Check For Update Now.
2025-03-02 08:40:25,830 [INFO] MicroXplorer:498 - Change Database Version : DB.6.0.130
2025-03-02 08:40:25,865 [INFO] McuFinderGlobals:63 - Set McuFinder mode to 2 (CubeIDE integrated)
2025-03-02 08:40:25,866 [INFO] UserAuth:171 - activating auth plugin
2025-03-02 08:40:25,871 [INFO] UserAuth:486 - Internet connection configuration mode: 1
2025-03-02 08:40:25,904 [INFO] JxBrowserEngine:152 - Initiate JxBrowser Engine with user profile folder
2025-03-02 08:40:25,933 [INFO] ServerAccessManage:473 - Download File updaters.zip
2025-03-02 08:40:26,078 [INFO] FileExtend:240 - Unzip File : updaters.zip
2025-03-02 08:40:26,079 [INFO] FileExtend:255 - Standard Zip Deflate
2025-03-02 08:40:27,770 [INFO] ServerAccessManage:473 - Download File PacksControlFlags.xml
2025-03-02 08:40:28,078 [INFO] ServerAccessManage:473 - Download File cubemx.pidx
2025-03-02 08:40:28,304 [WARN] MainUpdater:1193 - Updater busy. Cannot search thirdparties
2025-03-02 08:40:28,304 [INFO] ThirdPartyUpdaterWithRetryManager:96 - Updater plugin is busy. [1/15]
2025-03-02 08:40:28,436 [INFO] WebApp:168 - Instantiating new browser for Auth
2025-03-02 08:40:28,514 [INFO] ServerAccessManage:473 - Download File STMicroelectronics.FP-ATR-ASTRA1.pdsc
2025-03-02 08:40:29,938 [INFO] WebApp:449 - Apply proxy settings
2025-03-02 08:40:29,938 [INFO] WebApp:534 - Chromium requires no authentication
2025-03-02 08:40:29,957 [INFO] WebApp:477 - Direct internet connection detected
2025-03-02 08:40:30,018 [INFO] WebApp:880 - Register for checkConnection events
2025-03-02 08:40:30,018 [INFO] WebApp:449 - Apply proxy settings
2025-03-02 08:40:30,018 [INFO] WebApp:534 - Chromium requires no authentication
2025-03-02 08:40:30,019 [INFO] WebApp:477 - Direct internet connection detected
2025-03-02 08:40:30,307 [INFO] WebApp:187 - Connection restablished
2025-03-02 08:40:30,683 [INFO] WebApp:221 - Starting web application
2025-03-02 08:40:30,684 [INFO] WebApp:579 - Web application path used C:\ST\STM32CubeIDE_1.17.0\STM32CubeIDE\plugins\com.st.stm32cube.common.mx_6.13.0.202411220809\db\plugins\mcufinder\reactClient1\index.html
2025-03-02 08:40:31,307 [WARN] MainUpdater:1193 - Updater busy. Cannot search thirdparties
2025-03-02 08:40:31,308 [INFO] ThirdPartyUpdaterWithRetryManager:96 - Updater plugin is busy. [2/15]
2025-03-02 08:40:32,498 [WARN] PackLoader:240 - Cannot read IP mode file for STMicroelectronics.FP-ATR-ASTRA1.2.0.2
2025-03-02 08:40:32,499 [INFO] PopulateThirdPartyThread:66 - Ending populate Thread
2025-03-02 08:40:32,501 [INFO] ThirdParty:1030 - CMSIS Pack Vendor :STMicroelectronics FP-ATR-ASTRA1 2.0.2
2025-03-02 08:40:32,501 [INFO] LoadServerUpdatesThread:375 - End of LoadServerUpdate Thread
2025-03-02 08:40:32,695 [INFO] CheckServerUpdateThread:120 - End of CheckServer Thread
2025-03-02 08:40:34,708 [WARN] PackLoader:240 - Cannot read IP mode file for STMicroelectronics.FP-SNS-MOTENVWB1.1.4.0
2025-03-02 08:40:34,738 [WARN] PackLoader:240 - Cannot read IP mode file for STMicroelectronics.FP-ATR-ASTRA1.2.0.2
2025-03-02 08:40:34,750 [WARN] PackLoader:240 - Cannot read IP mode file for STMicroelectronics.FP-ATR-ASTRA1.2.0.1
2025-03-02 08:40:34,793 [WARN] PackLoader:240 - Cannot read IP mode file for STMicroelectronics.X-CUBE-SMBUS.2.1.0
2025-03-02 08:40:34,835 [WARN] PackLoader:240 - Cannot read IP mode file for STMicroelectronics.X-CUBE-WB05N.1.1.0
2025-03-02 08:40:34,916 [WARN] PackLoader:240 - Cannot read IP mode file for STMicroelectronics.X-CUBE-AZRTOS-F7.1.1.0
2025-03-02 08:40:34,936 [WARN] PackLoader:240 - Cannot read IP mode file for STMicroelectronics.FP-SNS-FLIGHT1.5.0.2
2025-03-02 08:40:34,985 [WARN] PackLoader:240 - Cannot read IP mode file for Infineon.AIROC-Wi-Fi-Bluetooth-STM32.1.7.0
2025-03-02 08:40:35,034 [WARN] PackLoader:240 - Cannot read IP mode file for STMicroelectronics.X-CUBE-DISPLAY.3.0.0
2025-03-02 08:40:35,053 [WARN] PackLoader:240 - Cannot read IP mode file for STMicroelectronics.X-CUBE-BLE1.7.0.0
2025-03-02 08:40:35,070 [WARN] PackLoader:240 - Cannot read IP mode file for STMicroelectronics.X-CUBE-NFC10.1.0.0
2025-03-02 08:40:35,113 [WARN] PackLoader:240 - Cannot read IP mode file for STMicroelectronics.X-CUBE-BLEMGR.4.0.0
2025-03-02 08:40:35,158 [WARN] PackLoader:240 - Cannot read IP mode file for emotas.I-CUBE-CANOPEN.1.3.0
2025-03-02 08:40:35,182 [WARN] PackLoader:240 - Cannot read IP mode file for STMicroelectronics.X-CUBE-AI.10.0.0
2025-03-02 08:40:35,198 [WARN] PackLoader:240 - Cannot read IP mode file for STMicroelectronics.FP-SNS-SMARTAG2.1.2.0
2025-03-02 08:40:35,299 [WARN] PackLoader:240 - Cannot read IP mode file for STMicroelectronics.X-CUBE-MEMS1.11.1.0
2025-03-02 08:40:35,543 [INFO] LogOutputStream:77 - [STDOUT_REDIRECT] 1 : Invalid condition id : UX_CORESTACK_Condition cause : null
2025-03-02 08:40:35,544 [INFO] LogOutputStream:77 - [STDOUT_REDIRECT] 1 : Invalid condition id : UX_CORESTACK_Condition cause : null
2025-03-02 08:40:35,545 [INFO] LogOutputStream:77 - [STDOUT_REDIRECT] 1 : Invalid condition id : UX_CORESTACK_Condition cause : null
2025-03-02 08:40:35,546 [INFO] LogOutputStream:77 - [STDOUT_REDIRECT] 1 : Invalid condition id : UX_CORESTACK_Condition cause : null
2025-03-02 08:40:35,547 [INFO] LogOutputStream:77 - [STDOUT_REDIRECT] 1 : Invalid condition id : UX_CORESTACK_Condition cause : null
2025-03-02 08:40:35,549 [WARN] PackLoader:240 - Cannot read IP mode file for STMicroelectronics.X-CUBE-AZRTOS-WL.2.0.0
2025-03-02 08:40:35,570 [WARN] PackLoader:240 - Cannot read IP mode file for STMicroelectronics.FP-SNS-MOTENV1.5.0.0
2025-03-02 08:40:35,611 [WARN] PackLoader:240 - Cannot read IP mode file for WES.I-CUBE-Cesium.1.3.0
2025-03-02 08:40:35,632 [WARN] PackLoader:240 - Cannot read IP mode file for STMicroelectronics.X-CUBE-BLE2.3.3.0
2025-03-02 08:40:35,660 [WARN] PackLoader:240 - Cannot read IP mode file for STMicroelectronics.X-CUBE-NFC9.1.0.0
2025-03-02 08:40:35,667 [WARN] PackLoader:240 - Cannot read IP mode file for wolfSSL.I-CUBE-wolfMQTT.1.19.2
2025-03-02 08:40:35,720 [WARN] PackLoader:240 - Cannot read IP mode file for STMicroelectronics.X-CUBE-AZRTOS-G0.1.1.0
2025-03-02 08:40:35,759 [WARN] PackLoader:240 - Cannot read IP mode file for STMicroelectronics.X-CUBE-SAFEA1.1.2.2
2025-03-02 08:40:35,787 [WARN] PackLoader:240 - Cannot read IP mode file for STMicroelectronics.X-CUBE-NFC4.3.0.0
2025-03-02 08:40:35,816 [WARN] PackLoader:240 - Cannot read IP mode file for EmbeddedOffice.I-CUBE-FS-RTOS.1.0.1
2025-03-02 08:40:35,823 [WARN] PackLoader:240 - Cannot read IP mode file for wolfSSL.I-CUBE-wolfTPM.3.8.0
2025-03-02 08:40:35,856 [WARN] PackLoader:240 - Cannot read IP mode file for STMicroelectronics.X-CUBE-TCPP.4.2.0
2025-03-02 08:40:35,877 [WARN] PackLoader:240 - Cannot read IP mode file for RealThread.X-CUBE-RT-Thread_Nano.4.1.1
2025-03-02 08:40:35,881 [WARN] PackLoader:240 - Cannot read IP mode file for STMicroelectronics.FP-ATR-SIGFOX1.3.2.0
2025-03-02 08:40:35,886 [WARN] ConditionMgr:438 - getConditionDescription Invalid condition id : Cortex-A Device cause : null
2025-03-02 08:40:35,931 [WARN] ConditionMgr:1044 - genDependencies : Invalid condition id : Cortex-A Device cause : null
2025-03-02 08:40:35,931 [WARN] ConditionMgr:1044 - genDependencies : Invalid condition id : Cortex-A Device cause : null
2025-03-02 08:40:35,931 [WARN] ConditionMgr:1044 - genDependencies : Invalid condition id : Cortex-A Device cause : null
2025-03-02 08:40:35,957 [WARN] PackLoader:240 - Cannot read IP mode file for STMicroelectronics.X-CUBE-EEPRMA1.5.1.0
2025-03-02 08:40:35,973 [WARN] PackLoader:240 - Cannot read IP mode file for wolfSSL.I-CUBE-wolfSSL.5.7.6
2025-03-02 08:40:35,987 [WARN] PackLoader:240 - Cannot read IP mode file for ITTIA_DB.I-CUBE-ITTIADB.8.9.0
2025-03-02 08:40:36,037 [WARN] PackLoader:240 - Cannot read IP mode file for SEGGER.I-CUBE-embOS.1.3.1
2025-03-02 08:40:36,113 [WARN] PackLoader:240 - Cannot read IP mode file for STMicroelectronics.X-CUBE-ALGOBUILD.1.4.0
2025-03-02 08:40:36,168 [WARN] PackLoader:240 - Cannot read IP mode file for STMicroelectronics.X-CUBE-AZRTOS-F4.1.1.0
2025-03-02 08:40:36,189 [WARN] PackLoader:240 - Cannot read IP mode file for STMicroelectronics.X-CUBE-ISPU.2.1.0
2025-03-02 08:40:36,237 [WARN] PackLoader:240 - Cannot read IP mode file for STMicroelectronics.X-CUBE-AZRTOS-L5.2.0.0
2025-03-02 08:40:36,277 [WARN] PackLoader:240 - Cannot read IP mode file for STMicroelectronics.X-CUBE-NFC6.3.1.0
2025-03-02 08:40:36,301 [WARN] PackLoader:240 - Cannot read IP mode file for STMicroelectronics.X-CUBE-DPower.1.2.0
2025-03-02 08:40:36,320 [WARN] PackLoader:240 - Cannot read IP mode file for STMicroelectronics.X-CUBE-FREERTOS.1.3.0
2025-03-02 08:40:36,341 [WARN] PackLoader:240 - Cannot read IP mode file for STMicroelectronics.X-CUBE-NFC7.1.0.1
2025-03-02 08:40:36,371 [WARN] ConditionMgr:438 - getConditionDescription Invalid condition id : LAN8742 Phy interface Condition cause : null
2025-03-02 08:40:36,371 [WARN] PackLoader:240 - Cannot read IP mode file for STMicroelectronics.X-CUBE-AZRTOS-L4.2.0.0
2025-03-02 08:40:36,372 [WARN] ConditionMgr:1044 - genDependencies : Invalid condition id : LAN8742 Phy interface Condition cause : null
2025-03-02 08:40:36,372 [WARN] ConditionMgr:1044 - genDependencies : Invalid condition id : LAN8742 Phy interface Condition cause : null
2025-03-02 08:40:36,374 [WARN] ConditionMgr:1044 - genDependencies : Invalid condition id : LAN8742 Phy interface Condition cause : null
2025-03-02 08:40:36,402 [WARN] PackLoader:240 - Cannot read IP mode file for STMicroelectronics.X-CUBE-SFXS2LP1.4.0.0
2025-03-02 08:40:36,464 [WARN] PackLoader:240 - Cannot read IP mode file for STMicroelectronics.X-CUBE-AZRTOS-H7.3.3.0
2025-03-02 08:40:36,502 [WARN] ConditionMgr:438 - getConditionDescription Invalid condition id : UX DEVICE CLASS RTOS Condition cause : null
2025-03-02 08:40:36,502 [WARN] ConditionMgr:438 - getConditionDescription Invalid condition id : UX DEVICE CLASS RTOS Condition cause : null
2025-03-02 08:40:36,504 [WARN] PackLoader:240 - Cannot read IP mode file for STMicroelectronics.X-CUBE-AZRTOS-WB.2.0.0
2025-03-02 08:40:36,505 [WARN] ConditionMgr:1044 - genDependencies : Invalid condition id : UX DEVICE CLASS RTOS Condition cause : null
2025-03-02 08:40:36,505 [WARN] ConditionMgr:1044 - genDependencies : Invalid condition id : UX DEVICE CLASS RTOS Condition cause : null
2025-03-02 08:40:36,505 [WARN] ConditionMgr:1044 - genDependencies : Invalid condition id : UX DEVICE CLASS RTOS Condition cause : null
2025-03-02 08:40:36,505 [WARN] ConditionMgr:1044 - genDependencies : Invalid condition id : UX DEVICE CLASS RTOS Condition cause : null
2025-03-02 08:40:36,505 [WARN] ConditionMgr:1044 - genDependencies : Invalid condition id : UX DEVICE CLASS RTOS Condition cause : null
2025-03-02 08:40:36,520 [WARN] PackLoader:240 - Cannot read IP mode file for STMicroelectronics.X-CUBE-GNSS1.7.0.1
2025-03-02 08:40:36,535 [WARN] PackLoader:240 - Cannot read IP mode file for STMicroelectronics.FP-SNS-STBOX1.2.0.0
2025-03-02 08:40:36,574 [WARN] PackLoader:240 - Cannot read IP mode file for STMicroelectronics.X-CUBE-SUBG2.5.0.0
2025-03-02 08:40:36,584 [WARN] PackLoader:240 - Cannot read IP mode file for Cesanta.I-CUBE-Mongoose.7.13.0
2025-03-02 08:40:36,650 [WARN] PackLoader:240 - Cannot read IP mode file for STMicroelectronics.X-CUBE-AZRTOS-G4.2.0.0
2025-03-02 08:40:36,701 [WARN] PackLoader:240 - Cannot read IP mode file for wolfSSL.I-CUBE-wolfSSH.1.4.20
2025-03-02 08:40:36,728 [WARN] PackLoader:240 - Cannot read IP mode file for STMicroelectronics.X-CUBE-IPS.3.1.0
2025-03-02 08:40:36,754 [WARN] PackLoader:240 - Cannot read IP mode file for STMicroelectronics.X-CUBE-ALS.1.0.2
2025-03-02 08:40:36,769 [WARN] PackLoader:240 - Cannot read IP mode file for STMicroelectronics.X-CUBE-TOUCHGFX.4.24.2
2025-03-02 08:40:36,782 [WARN] PackLoader:240 - Cannot read IP mode file for portGmbH.I-Cube-SoM-uGOAL.1.1.0
2025-03-02 08:40:36,813 [WARN] PackLoader:240 - Cannot read IP mode file for STMicroelectronics.X-CUBE-AZRTOS-H7RS.1.0.0
2025-03-02 08:40:36,842 [WARN] PackLoader:240 - Cannot read IP mode file for STMicroelectronics.X-CUBE-TOF1.3.4.2
2025-03-02 08:40:36,849 [INFO] ThirdParty:978 - Integrity check success = true
2025-03-02 08:40:36,849 [INFO] IntegrityCheckThread:100 - exiting critical section [integrity check]
2025-03-02 08:40:36,849 [INFO] IntegrityCheckThread:103 - End integrity checks thread
2025-03-02 11:23:25,588 [INFO] WebApp:190 - Connection lost
2025-03-02 11:23:25,872 [INFO] WebApp:187 - Connection restablished
2025-03-02 11:23:26,109 [INFO] WebApp:190 - Connection lost
2025-03-02 11:23:26,348 [INFO] WebApp:187 - Connection restablished
2025-03-02 14:38:50,459 [INFO] WebApp:190 - Connection lost
2025-03-02 14:38:50,876 [INFO] WebApp:187 - Connection restablished
2025-03-02 14:38:50,984 [INFO] WebApp:190 - Connection lost
2025-03-02 14:38:51,576 [INFO] WebApp:187 - Connection restablished
2025-03-02 14:38:51,938 [INFO] WebApp:190 - Connection lost
2025-03-02 14:38:52,396 [INFO] WebApp:187 - Connection restablished
2025-03-02 14:39:30,462 [INFO] WebApp:190 - Connection lost
2025-03-02 14:39:30,594 [INFO] WebApp:187 - Connection restablished
2025-03-02 14:39:32,225 [INFO] WebApp:190 - Connection lost
2025-03-02 14:39:32,430 [INFO] WebApp:187 - Connection restablished
