2025-03-02 12:54:06,006 [INFO] Activator:176 - 


2025-03-02 12:54:06,007 [INFO] Activator:177 - !SESSION log4j initialized
2025-03-02 12:54:09,074 [INFO] LogOutputStream:77 - [STDOUT_REDIRECT] 
2025-03-02 15:06:13,596 [INFO] ApplicationProperties:184 - Using Application install path: C:\ST\STM32CubeIDE_1.17.0\STM32CubeIDE\plugins\com.st.stm32cube.common.mx_6.13.0.202411220809
2025-03-02 15:06:13,622 [INFO] DbMcusXml:78 - Set database path to: C:\ST\STM32CubeIDE_1.17.0\STM32CubeIDE\plugins\com.st.stm32cube.common.mx_6.13.0.202411220809\\db\/mcu/
2025-03-02 15:06:13,622 [INFO] ApiDb:274 - Set plugin database path to: C:\ST\STM32CubeIDE_1.17.0\STM32CubeIDE\plugins\com.st.stm32cube.common.mx_6.13.0.202411220809\\db\/plugins/boardmanager/
2025-03-02 15:06:13,622 [WARN] ApiDb:259 - Overriding images path with different value:  => C:\ST\STM32CubeIDE_1.17.0\STM32CubeIDE\plugins\com.st.stm32cube.common.mx_6.13.0.202411220809\\db\/plugins/mcufinder/images/
2025-03-02 15:06:13,636 [INFO] ApiDb:250 - Set database path to: C:\Users\sragh\.stmcufinder\plugins\mcufinder//mcu/
2025-03-02 15:06:13,637 [INFO] DbMcusAds:125 - Set database path to: C:\Users\sragh\.stmcufinder\plugins\mcufinder//mcu/
2025-03-02 15:06:13,698 [INFO] CrossReferenceDbSqlite:203 - Set database path to: C:\Users\sragh\.stmcufinder\plugins\mcufinder//mcu/cs/
2025-03-02 15:06:13,822 [INFO] RulesReader:64 - Compatibility file has been processed (297 Rules)
2025-03-02 15:06:13,924 [INFO] DbMcusXml:78 - Set database path to: C:\ST\STM32CubeIDE_1.17.0\STM32CubeIDE\plugins\com.st.stm32cube.common.mx_6.13.0.202411220809\\db\/mcu/
2025-03-02 15:06:13,924 [INFO] ApiDb:274 - Set plugin database path to: C:\ST\STM32CubeIDE_1.17.0\STM32CubeIDE\plugins\com.st.stm32cube.common.mx_6.13.0.202411220809\\db\/plugins/boardmanager/
2025-03-02 15:06:13,924 [INFO] ApiDb:261 - Set plugin images path to: C:\ST\STM32CubeIDE_1.17.0\STM32CubeIDE\plugins\com.st.stm32cube.common.mx_6.13.0.202411220809\\db\/plugins/mcufinder/images/
2025-03-02 15:06:13,924 [WARN] DbFile:41 - Overriding database path with different value: C:\Users\sragh\.stmcufinder\plugins\mcufinder/ => C:\Users\sragh\.stmcufinder\plugins\mcufinder
2025-03-02 15:06:13,925 [INFO] ApiDb:250 - Set database path to: C:\Users\sragh\.stmcufinder\plugins\mcufinder//mcu/
2025-03-02 15:06:13,925 [WARN] DbFile:41 - Overriding database path with different value: C:\Users\sragh\.stmcufinder\plugins\mcufinder/ => C:\Users\sragh\.stmcufinder\plugins\mcufinder
2025-03-02 15:06:13,925 [INFO] DbMcusAds:125 - Set database path to: C:\Users\sragh\.stmcufinder\plugins\mcufinder//mcu/
2025-03-02 15:06:13,925 [WARN] DbFile:41 - Overriding database path with different value: C:\Users\sragh\.stmcufinder\plugins\mcufinder/ => C:\Users\sragh\.stmcufinder\plugins\mcufinder
2025-03-02 15:06:13,925 [WARN] DbFile:41 - Overriding database path with different value: C:\Users\sragh\.stmcufinder\plugins\mcufinder/ => C:\Users\sragh\.stmcufinder\plugins\mcufinder
2025-03-02 15:06:13,925 [INFO] CrossReferenceDbSqlite:203 - Set database path to: C:\Users\sragh\.stmcufinder\plugins\mcufinder//mcu/cs/
2025-03-02 15:06:14,018 [INFO] MainPanel:272 - HeapMemory: 273678336
2025-03-02 15:06:14,110 [INFO] DbMcusXml:78 - Set database path to: C:\ST\STM32CubeIDE_1.17.0\STM32CubeIDE\plugins\com.st.stm32cube.common.mx_6.13.0.202411220809\\db\/mcu/
2025-03-02 15:06:14,110 [INFO] ApiDb:274 - Set plugin database path to: C:\ST\STM32CubeIDE_1.17.0\STM32CubeIDE\plugins\com.st.stm32cube.common.mx_6.13.0.202411220809\\db\/plugins/boardmanager/
2025-03-02 15:06:14,110 [INFO] ApiDb:261 - Set plugin images path to: C:\ST\STM32CubeIDE_1.17.0\STM32CubeIDE\plugins\com.st.stm32cube.common.mx_6.13.0.202411220809\\db\/plugins/mcufinder/images/
2025-03-02 15:06:14,111 [WARN] DbFile:41 - Overriding database path with different value: C:\Users\sragh\.stmcufinder\plugins\mcufinder/ => C:\Users\sragh\.stmcufinder\plugins\mcufinder
2025-03-02 15:06:14,111 [INFO] ApiDb:250 - Set database path to: C:\Users\sragh\.stmcufinder\plugins\mcufinder//mcu/
2025-03-02 15:06:14,111 [WARN] DbFile:41 - Overriding database path with different value: C:\Users\sragh\.stmcufinder\plugins\mcufinder/ => C:\Users\sragh\.stmcufinder\plugins\mcufinder
2025-03-02 15:06:14,111 [INFO] DbMcusAds:125 - Set database path to: C:\Users\sragh\.stmcufinder\plugins\mcufinder//mcu/
2025-03-02 15:06:14,111 [WARN] DbFile:41 - Overriding database path with different value: C:\Users\sragh\.stmcufinder\plugins\mcufinder/ => C:\Users\sragh\.stmcufinder\plugins\mcufinder
2025-03-02 15:06:14,111 [WARN] DbFile:41 - Overriding database path with different value: C:\Users\sragh\.stmcufinder\plugins\mcufinder/ => C:\Users\sragh\.stmcufinder\plugins\mcufinder
2025-03-02 15:06:14,111 [INFO] CrossReferenceDbSqlite:203 - Set database path to: C:\Users\sragh\.stmcufinder\plugins\mcufinder//mcu/cs/
2025-03-02 15:06:14,130 [INFO] ApplicationProperties:184 - Using Application install path: C:\ST\STM32CubeIDE_1.17.0\STM32CubeIDE\plugins\com.st.stm32cube.common.mx_6.13.0.202411220809
2025-03-02 15:06:14,132 [INFO] PluginManage:196 - Search for loadable plugins [exclusion list=, ]
2025-03-02 15:06:14,134 [INFO] PluginManage:310 - Check plugin analytics
2025-03-02 15:06:14,319 [INFO] AnalyticsPlugin:253 - Accepted Software Licenses: 
2025-03-02 15:06:14,319 [INFO] AnalyticsPlugin:255 - Accepted CMSIS Pack Licenses: 
2025-03-02 15:06:14,319 [INFO] AnalyticsPlugin:257 - Accepted Firmware Licenses: 
2025-03-02 15:06:14,322 [INFO] PluginManage:359 - Loaded plugin analytics (category:tool,tabindex:-1)
2025-03-02 15:06:14,322 [INFO] PluginManage:310 - Check plugin cadmodel
2025-03-02 15:06:14,350 [INFO] CADModel:105 - Init CAD model plugin
2025-03-02 15:06:14,350 [INFO] PluginManage:359 - Loaded plugin cadmodel (category:power,tabindex:5)
2025-03-02 15:06:14,351 [INFO] PluginManage:310 - Check plugin clock
2025-03-02 15:06:14,379 [INFO] PluginManage:359 - Loaded plugin clock (category:base,tabindex:2)
2025-03-02 15:06:14,379 [INFO] PluginManage:310 - Check plugin ddr
2025-03-02 15:06:14,382 [INFO] PluginManage:359 - Loaded plugin ddr (category:tool,tabindex:6)
2025-03-02 15:06:14,383 [INFO] PluginManage:310 - Check plugin filemanager
2025-03-02 15:06:14,538 [INFO] PluginManage:359 - Loaded plugin filemanager (category:base,tabindex:10)
2025-03-02 15:06:14,538 [INFO] PluginManage:310 - Check plugin ipmanager
2025-03-02 15:06:14,549 [INFO] PluginManage:359 - Loaded plugin ipmanager (category:base,tabindex:5)
2025-03-02 15:06:14,549 [INFO] PluginManage:310 - Check plugin lpbam
2025-03-02 15:06:14,572 [INFO] PluginManage:359 - Loaded plugin lpbam (category:base,tabindex:0)
2025-03-02 15:06:14,572 [INFO] PluginManage:310 - Check plugin memorymap
2025-03-02 15:06:14,611 [INFO] PluginManage:359 - Loaded plugin memorymap (category:base,tabindex:4)
2025-03-02 15:06:14,612 [INFO] PluginManage:310 - Check plugin pinoutandconfiguration
2025-03-02 15:06:14,636 [INFO] PluginManage:359 - Loaded plugin pinoutandconfiguration (category:base,tabindex:1)
2025-03-02 15:06:14,636 [INFO] PluginManage:310 - Check plugin pinoutconfig
2025-03-02 15:06:14,755 [WARN] SupportedApi:132 - Cannot load RTOS API schema: s4s-elt-must-match.1: The content of 'definitions' must match (annotation?, (simpleType | complexType)?, (unique | key | keyref)*)). A problem was found starting at: attribute.
2025-03-02 15:06:14,927 [INFO] PluginManage:359 - Loaded plugin pinoutconfig (category:base,tabindex:0)
2025-03-02 15:06:14,927 [INFO] PluginManage:310 - Check plugin power
2025-03-02 15:06:14,950 [INFO] PluginManage:359 - Loaded plugin power (category:power,tabindex:4)
2025-03-02 15:06:14,950 [INFO] PluginManage:310 - Check plugin projectmanager
2025-03-02 15:06:14,965 [INFO] PluginManage:359 - Loaded plugin projectmanager (category:projectmanager,tabindex:4)
2025-03-02 15:06:14,965 [INFO] PluginManage:310 - Check plugin rif
2025-03-02 15:06:14,985 [INFO] PluginManage:359 - Loaded plugin rif (category:base,tabindex:3)
2025-03-02 15:06:14,985 [INFO] PluginManage:310 - Check plugin thirdparty
2025-03-02 15:06:15,320 [INFO] PluginManage:359 - Loaded plugin thirdparty (category:base,tabindex:-1)
2025-03-02 15:06:15,321 [INFO] PluginManage:310 - Check plugin tools
2025-03-02 15:06:15,320 [WARN] IntegrityCheckThread:84 - waiting for thirdparty lock release [integrity check]
2025-03-02 15:06:15,321 [INFO] IntegrityCheckThread:86 - entering critical section [integrity check]
2025-03-02 15:06:15,321 [INFO] ThirdPartyUpdaterWithRetryManager:70 - Updater plugin not ready yet. [1/15]
2025-03-02 15:06:15,378 [INFO] PluginManage:359 - Loaded plugin tools (category:base,tabindex:7)
2025-03-02 15:06:15,378 [INFO] PluginManage:310 - Check plugin tutovideos
2025-03-02 15:06:15,586 [INFO] PluginManage:359 - Loaded plugin tutovideos (category:base,tabindex:-1)
2025-03-02 15:06:15,587 [INFO] PluginManage:310 - Check plugin updater
2025-03-02 15:06:15,607 [INFO] PluginManage:359 - Loaded plugin updater (category:base,tabindex:12)
2025-03-02 15:06:15,607 [INFO] PluginManage:310 - Check plugin userauth
2025-03-02 15:06:15,611 [INFO] UserAuth:118 - Init User Auth plugin
2025-03-02 15:06:15,612 [INFO] PluginManage:359 - Loaded plugin userauth (category:base,tabindex:14)
2025-03-02 15:06:15,612 [INFO] PluginManage:283 - PluginManage : Loaded plugins [18]
2025-03-02 15:06:15,845 [INFO] PinOutPanel:1589 - setPackage(No Configuration,No Configuration)
2025-03-02 15:06:15,944 [INFO] CADModel:165 - CPN selected for project level
2025-03-02 15:06:15,945 [INFO] CADModel:114 - Register for checkConnection events
2025-03-02 15:06:15,974 [INFO] IPUIPlugin:80 - create IPUIPlugin
2025-03-02 15:06:15,974 [INFO] PluginManager:220 - loadIPPluginJar : add adc
2025-03-02 15:06:16,025 [INFO] IPUIPlugin:80 - create IPUIPlugin
2025-03-02 15:06:16,025 [INFO] PluginManager:220 - loadIPPluginJar : add aes
2025-03-02 15:06:16,079 [INFO] IPUIPlugin:80 - create IPUIPlugin
2025-03-02 15:06:16,080 [INFO] PluginManager:220 - loadIPPluginJar : add can
2025-03-02 15:06:16,112 [INFO] IPUIPlugin:80 - create IPUIPlugin
2025-03-02 15:06:16,112 [INFO] PluginManager:220 - loadIPPluginJar : add comp
2025-03-02 15:06:16,162 [INFO] IPUIPlugin:80 - create IPUIPlugin
2025-03-02 15:06:16,162 [INFO] PluginManager:220 - loadIPPluginJar : add cryp
2025-03-02 15:06:16,178 [INFO] IPUIPlugin:80 - create IPUIPlugin
2025-03-02 15:06:16,178 [INFO] PluginManager:220 - loadIPPluginJar : add ddr_ctrl_phy
2025-03-02 15:06:16,224 [INFO] IPUIPlugin:80 - create IPUIPlugin
2025-03-02 15:06:16,224 [INFO] PluginManager:220 - loadIPPluginJar : add dfsdm
2025-03-02 15:06:16,241 [INFO] IPUIPlugin:80 - create IPUIPlugin
2025-03-02 15:06:16,241 [INFO] PluginManager:220 - loadIPPluginJar : add dma
2025-03-02 15:06:16,296 [INFO] IPUIPlugin:80 - create IPUIPlugin
2025-03-02 15:06:16,296 [INFO] PluginManager:220 - loadIPPluginJar : add dma3
2025-03-02 15:06:16,353 [INFO] IPUIPlugin:80 - create IPUIPlugin
2025-03-02 15:06:16,353 [INFO] PluginManager:220 - loadIPPluginJar : add extmemmanager
2025-03-02 15:06:16,381 [INFO] IPUIPlugin:80 - create IPUIPlugin
2025-03-02 15:06:16,381 [INFO] PluginManager:220 - loadIPPluginJar : add fatfs
2025-03-02 15:06:16,448 [INFO] IPUIPlugin:80 - create IPUIPlugin
2025-03-02 15:06:16,448 [INFO] PluginManager:220 - loadIPPluginJar : add fmc
2025-03-02 15:06:16,466 [INFO] IPUIPlugin:80 - create IPUIPlugin
2025-03-02 15:06:16,466 [INFO] PluginManager:220 - loadIPPluginJar : add freertos
2025-03-02 15:06:16,493 [INFO] IPUIPlugin:80 - create IPUIPlugin
2025-03-02 15:06:16,493 [INFO] PluginManager:220 - loadIPPluginJar : add genericplugin
2025-03-02 15:06:16,614 [INFO] IPUIPlugin:80 - create IPUIPlugin
2025-03-02 15:06:16,614 [INFO] PluginManager:220 - loadIPPluginJar : add gfxmmu
2025-03-02 15:06:16,788 [INFO] IPUIPlugin:80 - create IPUIPlugin
2025-03-02 15:06:16,789 [INFO] PluginManager:220 - loadIPPluginJar : add gic
2025-03-02 15:06:16,804 [INFO] IPUIPlugin:80 - create IPUIPlugin
2025-03-02 15:06:16,805 [INFO] PluginManager:220 - loadIPPluginJar : add gpio
2025-03-02 15:06:16,922 [INFO] IPUIPlugin:80 - create IPUIPlugin
2025-03-02 15:06:16,922 [INFO] PluginManager:220 - loadIPPluginJar : add gtzc
2025-03-02 15:06:16,964 [INFO] IPUIPlugin:80 - create IPUIPlugin
2025-03-02 15:06:16,964 [INFO] PluginManager:220 - loadIPPluginJar : add hash
2025-03-02 15:06:17,029 [INFO] IPUIPlugin:80 - create IPUIPlugin
2025-03-02 15:06:17,030 [INFO] PluginManager:220 - loadIPPluginJar : add i2c
2025-03-02 15:06:17,079 [INFO] IPUIPlugin:80 - create IPUIPlugin
2025-03-02 15:06:17,079 [INFO] PluginManager:220 - loadIPPluginJar : add i2s
2025-03-02 15:06:17,136 [INFO] IPUIPlugin:80 - create IPUIPlugin
2025-03-02 15:06:17,136 [INFO] PluginManager:220 - loadIPPluginJar : add i3c
2025-03-02 15:06:17,263 [INFO] IPUIPlugin:80 - create IPUIPlugin
2025-03-02 15:06:17,263 [INFO] PluginManager:220 - loadIPPluginJar : add ipddr
2025-03-02 15:06:17,382 [INFO] IPUIPlugin:80 - create IPUIPlugin
2025-03-02 15:06:17,382 [INFO] PluginManager:220 - loadIPPluginJar : add linkedlist
2025-03-02 15:06:17,426 [INFO] IPUIPlugin:80 - create IPUIPlugin
2025-03-02 15:06:17,426 [INFO] PluginManager:220 - loadIPPluginJar : add lorawan
2025-03-02 15:06:17,471 [INFO] IPUIPlugin:80 - create IPUIPlugin
2025-03-02 15:06:17,471 [INFO] PluginManager:220 - loadIPPluginJar : add ltdc
2025-03-02 15:06:17,488 [INFO] IPUIPlugin:80 - create IPUIPlugin
2025-03-02 15:06:17,488 [INFO] PluginManager:220 - loadIPPluginJar : add mdma
2025-03-02 15:06:17,505 [INFO] IPUIPlugin:80 - create IPUIPlugin
2025-03-02 15:06:17,505 [INFO] PluginManager:220 - loadIPPluginJar : add nvic
2025-03-02 15:06:17,554 [INFO] IPUIPlugin:80 - create IPUIPlugin
2025-03-02 15:06:17,554 [INFO] PluginManager:220 - loadIPPluginJar : add opamp
2025-03-02 15:06:17,642 [INFO] IPUIPlugin:80 - create IPUIPlugin
2025-03-02 15:06:17,642 [INFO] PluginManager:220 - loadIPPluginJar : add openamp
2025-03-02 15:06:17,702 [INFO] IPUIPlugin:80 - create IPUIPlugin
2025-03-02 15:06:17,703 [INFO] PluginManager:220 - loadIPPluginJar : add pdm2pcm
2025-03-02 15:06:17,719 [INFO] IPUIPlugin:80 - create IPUIPlugin
2025-03-02 15:06:17,721 [INFO] PluginManager:220 - loadIPPluginJar : add plateformsettings
2025-03-02 15:06:17,754 [INFO] IPUIPlugin:80 - create IPUIPlugin
2025-03-02 15:06:17,755 [INFO] PluginManager:220 - loadIPPluginJar : add quadspi
2025-03-02 15:06:17,790 [INFO] IPUIPlugin:80 - create IPUIPlugin
2025-03-02 15:06:17,791 [INFO] PluginManager:220 - loadIPPluginJar : add radio
2025-03-02 15:06:17,808 [INFO] IPUIPlugin:80 - create IPUIPlugin
2025-03-02 15:06:17,808 [INFO] PluginManager:220 - loadIPPluginJar : add resmgrutility
2025-03-02 15:06:17,866 [INFO] IPUIPlugin:80 - create IPUIPlugin
2025-03-02 15:06:17,866 [INFO] PluginManager:220 - loadIPPluginJar : add sai
2025-03-02 15:06:17,917 [INFO] IPUIPlugin:80 - create IPUIPlugin
2025-03-02 15:06:17,917 [INFO] PluginManager:220 - loadIPPluginJar : add spi
2025-03-02 15:06:18,001 [INFO] IPUIPlugin:80 - create IPUIPlugin
2025-03-02 15:06:18,001 [INFO] PluginManager:220 - loadIPPluginJar : add stm32_wpan
2025-03-02 15:06:18,035 [INFO] IPUIPlugin:80 - create IPUIPlugin
2025-03-02 15:06:18,035 [INFO] PluginManager:220 - loadIPPluginJar : add tim
2025-03-02 15:06:18,112 [INFO] IPUIPlugin:80 - create IPUIPlugin
2025-03-02 15:06:18,112 [INFO] PluginManager:220 - loadIPPluginJar : add touchsensing
2025-03-02 15:06:18,142 [INFO] IPUIPlugin:80 - create IPUIPlugin
2025-03-02 15:06:18,142 [INFO] PluginManager:220 - loadIPPluginJar : add tracer_emb
2025-03-02 15:06:18,171 [INFO] IPUIPlugin:80 - create IPUIPlugin
2025-03-02 15:06:18,171 [INFO] PluginManager:220 - loadIPPluginJar : add ts
2025-03-02 15:06:18,199 [INFO] IPUIPlugin:80 - create IPUIPlugin
2025-03-02 15:06:18,199 [INFO] PluginManager:220 - loadIPPluginJar : add tsc
2025-03-02 15:06:18,227 [INFO] IPUIPlugin:80 - create IPUIPlugin
2025-03-02 15:06:18,227 [INFO] PluginManager:220 - loadIPPluginJar : add ucpd
2025-03-02 15:06:18,280 [INFO] IPUIPlugin:80 - create IPUIPlugin
2025-03-02 15:06:18,280 [INFO] PluginManager:220 - loadIPPluginJar : add usart
2025-03-02 15:06:18,323 [INFO] ThirdPartyUpdaterWithRetryManager:70 - Updater plugin not ready yet. [2/15]
2025-03-02 15:06:18,332 [INFO] IPUIPlugin:80 - create IPUIPlugin
2025-03-02 15:06:18,332 [INFO] PluginManager:220 - loadIPPluginJar : add usbx
2025-03-02 15:06:18,458 [FATAL] Updater:351 - Updater called before beeing initialized
2025-03-02 15:06:18,480 [INFO] RulesReader:64 - Compatibility file has been processed (297 Rules)
2025-03-02 15:06:18,491 [INFO] RulesReader:64 - Compatibility file has been processed (297 Rules)
2025-03-02 15:06:18,499 [INFO] CADModel:165 - CPN selected for project level
2025-03-02 15:06:18,499 [INFO] CADModel:114 - Register for checkConnection events
2025-03-02 15:06:18,499 [FATAL] Updater:351 - Updater called before beeing initialized
2025-03-02 15:06:18,499 [ERROR] CADModel:125 - Updater not yet initialized, retry later 
2025-03-02 15:06:18,639 [FATAL] Updater:351 - Updater called before beeing initialized
2025-03-02 15:06:18,641 [INFO] CADModel:165 - CPN selected for project level
2025-03-02 15:06:18,641 [INFO] CADModel:114 - Register for checkConnection events
2025-03-02 15:06:18,641 [FATAL] Updater:351 - Updater called before beeing initialized
2025-03-02 15:06:18,641 [ERROR] CADModel:125 - Updater not yet initialized, retry later 
2025-03-02 15:06:18,644 [FATAL] Updater:351 - Updater called before beeing initialized
2025-03-02 15:06:18,762 [FATAL] Updater:351 - Updater called before beeing initialized
2025-03-02 15:06:18,776 [INFO] DbMcusAds:53 - JSON generation date=Tue Dec 17 11:01:15 EST 2024 (1734451275111)
2025-03-02 15:06:18,776 [FATAL] Updater:351 - Updater called before beeing initialized
2025-03-02 15:06:18,811 [WARN] DetailPanel:346 - Failed to get advertising image, set to default
2025-03-02 15:06:19,058 [FATAL] Updater:351 - Updater called before beeing initialized
2025-03-02 15:06:19,062 [FATAL] Updater:351 - Updater called before beeing initialized
2025-03-02 15:06:19,062 [FATAL] Updater:351 - Updater called before beeing initialized
2025-03-02 15:06:19,062 [WARN] DetailPanel:346 - Failed to get advertising image, set to default
2025-03-02 15:06:19,063 [FATAL] Updater:351 - Updater called before beeing initialized
2025-03-02 15:06:19,131 [ERROR] Updater:1198 - MainUpdater not yet initialized. External WinMGr cannot be set.
2025-03-02 15:06:19,144 [INFO] Updater:1134 - Updater Version found : 6.13.0
2025-03-02 15:06:19,160 [INFO] ApplicationProperties:184 - Using Application install path: C:\ST\STM32CubeIDE_1.17.0\STM32CubeIDE\plugins\com.st.stm32cube.common.mx_6.13.0.202411220809
2025-03-02 15:06:20,738 [ERROR] LogOutputStream:75 - [STDERR_REDIRECT] Mar 02, 2025 3:06:20 PM java.util.prefs.WindowsPreferences <init>
2025-03-02 15:06:20,739 [ERROR] LogOutputStream:75 - [STDERR_REDIRECT] WARNING: Could not open/create prefs root node Software\JavaSoft\Prefs at root 0xffffffff80000002. Windows RegCreateKeyEx(...) returned error code 5.
2025-03-02 15:06:20,739 [ERROR] LogOutputStream:75 - [STDERR_REDIRECT] 
2025-03-02 15:06:21,021 [INFO] MainUpdater:2872 - connection check result : 10
2025-03-02 15:06:21,021 [INFO] MainUpdater:3566 - Updater definition file requires update
2025-03-02 15:06:21,022 [INFO] MainUpdater:289 - Updater Check For Update Now.
2025-03-02 15:06:21,022 [INFO] MicroXplorer:498 - Change Database Version : DB.6.0.130
2025-03-02 15:06:21,044 [INFO] McuFinderGlobals:63 - Set McuFinder mode to 2 (CubeIDE integrated)
2025-03-02 15:06:21,052 [INFO] UserAuth:486 - Internet connection configuration mode: 1
2025-03-02 15:06:21,091 [INFO] JxBrowserEngine:152 - Initiate JxBrowser Engine with user profile folder
2025-03-02 15:06:21,092 [INFO] ServerAccessManage:473 - Download File updaters.zip
2025-03-02 15:06:21,177 [INFO] FileExtend:240 - Unzip File : updaters.zip
2025-03-02 15:06:21,177 [INFO] FileExtend:255 - Standard Zip Deflate
2025-03-02 15:06:21,352 [WARN] MainUpdater:1193 - Updater busy. Cannot search thirdparties
2025-03-02 15:06:21,355 [INFO] ThirdPartyUpdaterWithRetryManager:96 - Updater plugin is busy. [1/15]
2025-03-02 15:06:22,078 [INFO] ServerAccessManage:473 - Download File PacksControlFlags.xml
2025-03-02 15:06:22,180 [INFO] ServerAccessManage:473 - Download File cubemx.pidx
2025-03-02 15:06:22,538 [INFO] ServerAccessManage:473 - Download File STMicroelectronics.FP-ATR-ASTRA1.pdsc
2025-03-02 15:06:22,860 [INFO] WebApp:168 - Instantiating new browser for Auth
2025-03-02 15:06:23,907 [INFO] WebApp:449 - Apply proxy settings
2025-03-02 15:06:23,907 [INFO] WebApp:534 - Chromium requires no authentication
2025-03-02 15:06:23,922 [INFO] WebApp:477 - Direct internet connection detected
2025-03-02 15:06:23,952 [INFO] WebApp:880 - Register for checkConnection events
2025-03-02 15:06:23,952 [INFO] WebApp:449 - Apply proxy settings
2025-03-02 15:06:23,952 [INFO] WebApp:534 - Chromium requires no authentication
2025-03-02 15:06:23,953 [INFO] WebApp:477 - Direct internet connection detected
2025-03-02 15:06:24,129 [INFO] WebApp:187 - Connection restablished
2025-03-02 15:06:24,229 [INFO] WebApp:221 - Starting web application
2025-03-02 15:06:24,229 [INFO] WebApp:579 - Web application path used C:\ST\STM32CubeIDE_1.17.0\STM32CubeIDE\plugins\com.st.stm32cube.common.mx_6.13.0.202411220809\db\plugins\mcufinder\reactClient1\index.html
2025-03-02 15:06:24,356 [WARN] MainUpdater:1193 - Updater busy. Cannot search thirdparties
2025-03-02 15:06:24,356 [INFO] ThirdPartyUpdaterWithRetryManager:96 - Updater plugin is busy. [2/15]
2025-03-02 15:06:24,437 [INFO] UserAuth:486 - Internet connection configuration mode: 1
2025-03-02 15:06:24,690 [WARN] PackLoader:240 - Cannot read IP mode file for STMicroelectronics.FP-ATR-ASTRA1.2.0.2
2025-03-02 15:06:24,691 [INFO] PopulateThirdPartyThread:66 - Ending populate Thread
2025-03-02 15:06:24,694 [INFO] ThirdParty:1030 - CMSIS Pack Vendor :STMicroelectronics FP-ATR-ASTRA1 2.0.2
2025-03-02 15:06:24,695 [INFO] LoadServerUpdatesThread:375 - End of LoadServerUpdate Thread
2025-03-02 15:06:24,836 [INFO] CheckServerUpdateThread:120 - End of CheckServer Thread
2025-03-02 15:06:27,586 [WARN] PackLoader:240 - Cannot read IP mode file for STMicroelectronics.FP-SNS-MOTENVWB1.1.4.0
2025-03-02 15:06:27,592 [WARN] PackLoader:240 - Cannot read IP mode file for STMicroelectronics.FP-ATR-ASTRA1.2.0.2
2025-03-02 15:06:27,597 [WARN] PackLoader:240 - Cannot read IP mode file for STMicroelectronics.FP-ATR-ASTRA1.2.0.1
2025-03-02 15:06:27,618 [WARN] PackLoader:240 - Cannot read IP mode file for STMicroelectronics.X-CUBE-SMBUS.2.1.0
2025-03-02 15:06:27,638 [WARN] PackLoader:240 - Cannot read IP mode file for STMicroelectronics.X-CUBE-WB05N.1.1.0
2025-03-02 15:06:27,679 [WARN] PackLoader:240 - Cannot read IP mode file for STMicroelectronics.X-CUBE-AZRTOS-F7.1.1.0
2025-03-02 15:06:27,688 [WARN] PackLoader:240 - Cannot read IP mode file for STMicroelectronics.FP-SNS-FLIGHT1.5.0.2
2025-03-02 15:06:27,726 [WARN] PackLoader:240 - Cannot read IP mode file for Infineon.AIROC-Wi-Fi-Bluetooth-STM32.1.7.0
2025-03-02 15:06:27,752 [WARN] PackLoader:240 - Cannot read IP mode file for STMicroelectronics.X-CUBE-DISPLAY.3.0.0
2025-03-02 15:06:27,775 [WARN] PackLoader:240 - Cannot read IP mode file for STMicroelectronics.X-CUBE-BLE1.7.0.0
2025-03-02 15:06:27,792 [WARN] PackLoader:240 - Cannot read IP mode file for STMicroelectronics.X-CUBE-NFC10.1.0.0
2025-03-02 15:06:27,815 [WARN] PackLoader:240 - Cannot read IP mode file for STMicroelectronics.X-CUBE-BLEMGR.4.0.0
2025-03-02 15:06:27,836 [WARN] PackLoader:240 - Cannot read IP mode file for emotas.I-CUBE-CANOPEN.1.3.0
2025-03-02 15:06:27,851 [WARN] PackLoader:240 - Cannot read IP mode file for STMicroelectronics.X-CUBE-AI.10.0.0
2025-03-02 15:06:27,868 [WARN] PackLoader:240 - Cannot read IP mode file for STMicroelectronics.FP-SNS-SMARTAG2.1.2.0
2025-03-02 15:06:27,919 [WARN] PackLoader:240 - Cannot read IP mode file for STMicroelectronics.X-CUBE-MEMS1.11.1.0
2025-03-02 15:06:28,058 [INFO] LogOutputStream:77 - [STDOUT_REDIRECT] 1 : Invalid condition id : UX_CORESTACK_Condition cause : null
2025-03-02 15:06:28,058 [INFO] LogOutputStream:77 - [STDOUT_REDIRECT] 1 : Invalid condition id : UX_CORESTACK_Condition cause : null
2025-03-02 15:06:28,059 [INFO] LogOutputStream:77 - [STDOUT_REDIRECT] 1 : Invalid condition id : UX_CORESTACK_Condition cause : null
2025-03-02 15:06:28,060 [INFO] LogOutputStream:77 - [STDOUT_REDIRECT] 1 : Invalid condition id : UX_CORESTACK_Condition cause : null
2025-03-02 15:06:28,061 [INFO] LogOutputStream:77 - [STDOUT_REDIRECT] 1 : Invalid condition id : UX_CORESTACK_Condition cause : null
2025-03-02 15:06:28,064 [WARN] PackLoader:240 - Cannot read IP mode file for STMicroelectronics.X-CUBE-AZRTOS-WL.2.0.0
2025-03-02 15:06:28,080 [WARN] PackLoader:240 - Cannot read IP mode file for STMicroelectronics.FP-SNS-MOTENV1.5.0.0
2025-03-02 15:06:28,087 [WARN] PackLoader:240 - Cannot read IP mode file for wolfSSL.I-CUBE-wolfMQTT.1.19.0
2025-03-02 15:06:28,102 [WARN] PackLoader:240 - Cannot read IP mode file for WES.I-CUBE-Cesium.1.3.0
2025-03-02 15:06:28,115 [WARN] PackLoader:240 - Cannot read IP mode file for STMicroelectronics.X-CUBE-BLE2.3.3.0
2025-03-02 15:06:28,129 [WARN] PackLoader:240 - Cannot read IP mode file for STMicroelectronics.X-CUBE-NFC9.1.0.0
2025-03-02 15:06:28,155 [WARN] PackLoader:240 - Cannot read IP mode file for STMicroelectronics.X-CUBE-AZRTOS-G0.1.1.0
2025-03-02 15:06:28,180 [WARN] PackLoader:240 - Cannot read IP mode file for STMicroelectronics.X-CUBE-SAFEA1.1.2.2
2025-03-02 15:06:28,197 [WARN] PackLoader:240 - Cannot read IP mode file for STMicroelectronics.X-CUBE-NFC4.3.0.0
2025-03-02 15:06:28,214 [WARN] PackLoader:240 - Cannot read IP mode file for EmbeddedOffice.I-CUBE-FS-RTOS.1.0.1
2025-03-02 15:06:28,228 [WARN] PackLoader:240 - Cannot read IP mode file for STMicroelectronics.X-CUBE-TCPP.4.2.0
2025-03-02 15:06:28,243 [WARN] PackLoader:240 - Cannot read IP mode file for RealThread.X-CUBE-RT-Thread_Nano.4.1.1
2025-03-02 15:06:28,249 [WARN] PackLoader:240 - Cannot read IP mode file for STMicroelectronics.FP-ATR-SIGFOX1.3.2.0
2025-03-02 15:06:28,256 [WARN] ConditionMgr:438 - getConditionDescription Invalid condition id : Cortex-A Device cause : null
2025-03-02 15:06:28,277 [WARN] ConditionMgr:1044 - genDependencies : Invalid condition id : Cortex-A Device cause : null
2025-03-02 15:06:28,277 [WARN] ConditionMgr:1044 - genDependencies : Invalid condition id : Cortex-A Device cause : null
2025-03-02 15:06:28,277 [WARN] ConditionMgr:1044 - genDependencies : Invalid condition id : Cortex-A Device cause : null
2025-03-02 15:06:28,292 [WARN] PackLoader:240 - Cannot read IP mode file for STMicroelectronics.X-CUBE-EEPRMA1.5.1.0
2025-03-02 15:06:28,306 [WARN] PackLoader:240 - Cannot read IP mode file for wolfSSL.I-CUBE-wolfSSL.5.7.6
2025-03-02 15:06:28,322 [WARN] PackLoader:240 - Cannot read IP mode file for ITTIA_DB.I-CUBE-ITTIADB.8.9.0
2025-03-02 15:06:28,354 [WARN] PackLoader:240 - Cannot read IP mode file for SEGGER.I-CUBE-embOS.1.3.1
2025-03-02 15:06:28,393 [WARN] PackLoader:240 - Cannot read IP mode file for STMicroelectronics.X-CUBE-ALGOBUILD.1.4.0
2025-03-02 15:06:28,421 [WARN] PackLoader:240 - Cannot read IP mode file for STMicroelectronics.X-CUBE-AZRTOS-F4.1.1.0
2025-03-02 15:06:28,437 [WARN] PackLoader:240 - Cannot read IP mode file for STMicroelectronics.X-CUBE-ISPU.2.1.0
2025-03-02 15:06:28,464 [WARN] PackLoader:240 - Cannot read IP mode file for STMicroelectronics.X-CUBE-AZRTOS-L5.2.0.0
2025-03-02 15:06:28,482 [WARN] PackLoader:240 - Cannot read IP mode file for STMicroelectronics.X-CUBE-NFC6.3.1.0
2025-03-02 15:06:28,499 [WARN] PackLoader:240 - Cannot read IP mode file for STMicroelectronics.X-CUBE-DPower.1.2.0
2025-03-02 15:06:28,513 [WARN] PackLoader:240 - Cannot read IP mode file for STMicroelectronics.X-CUBE-FREERTOS.1.3.0
2025-03-02 15:06:28,528 [WARN] PackLoader:240 - Cannot read IP mode file for STMicroelectronics.X-CUBE-NFC7.1.0.1
2025-03-02 15:06:28,556 [WARN] ConditionMgr:438 - getConditionDescription Invalid condition id : LAN8742 Phy interface Condition cause : null
2025-03-02 15:06:28,556 [WARN] PackLoader:240 - Cannot read IP mode file for STMicroelectronics.X-CUBE-AZRTOS-L4.2.0.0
2025-03-02 15:06:28,557 [WARN] ConditionMgr:1044 - genDependencies : Invalid condition id : LAN8742 Phy interface Condition cause : null
2025-03-02 15:06:28,557 [WARN] ConditionMgr:1044 - genDependencies : Invalid condition id : LAN8742 Phy interface Condition cause : null
2025-03-02 15:06:28,558 [WARN] ConditionMgr:1044 - genDependencies : Invalid condition id : LAN8742 Phy interface Condition cause : null
2025-03-02 15:06:28,574 [WARN] PackLoader:240 - Cannot read IP mode file for STMicroelectronics.X-CUBE-SFXS2LP1.4.0.0
2025-03-02 15:06:28,605 [WARN] PackLoader:240 - Cannot read IP mode file for STMicroelectronics.X-CUBE-AZRTOS-H7.3.3.0
2025-03-02 15:06:28,634 [WARN] ConditionMgr:438 - getConditionDescription Invalid condition id : UX DEVICE CLASS RTOS Condition cause : null
2025-03-02 15:06:28,634 [WARN] ConditionMgr:438 - getConditionDescription Invalid condition id : UX DEVICE CLASS RTOS Condition cause : null
2025-03-02 15:06:28,635 [WARN] PackLoader:240 - Cannot read IP mode file for STMicroelectronics.X-CUBE-AZRTOS-WB.2.0.0
2025-03-02 15:06:28,636 [WARN] ConditionMgr:1044 - genDependencies : Invalid condition id : UX DEVICE CLASS RTOS Condition cause : null
2025-03-02 15:06:28,636 [WARN] ConditionMgr:1044 - genDependencies : Invalid condition id : UX DEVICE CLASS RTOS Condition cause : null
2025-03-02 15:06:28,636 [WARN] ConditionMgr:1044 - genDependencies : Invalid condition id : UX DEVICE CLASS RTOS Condition cause : null
2025-03-02 15:06:28,636 [WARN] ConditionMgr:1044 - genDependencies : Invalid condition id : UX DEVICE CLASS RTOS Condition cause : null
2025-03-02 15:06:28,636 [WARN] ConditionMgr:1044 - genDependencies : Invalid condition id : UX DEVICE CLASS RTOS Condition cause : null
2025-03-02 15:06:28,653 [WARN] PackLoader:240 - Cannot read IP mode file for STMicroelectronics.X-CUBE-GNSS1.7.0.1
2025-03-02 15:06:28,672 [WARN] PackLoader:240 - Cannot read IP mode file for STMicroelectronics.FP-SNS-STBOX1.2.0.0
2025-03-02 15:06:28,697 [WARN] PackLoader:240 - Cannot read IP mode file for STMicroelectronics.X-CUBE-SUBG2.5.0.0
2025-03-02 15:06:28,706 [WARN] PackLoader:240 - Cannot read IP mode file for Cesanta.I-CUBE-Mongoose.7.13.0
2025-03-02 15:06:28,732 [WARN] PackLoader:240 - Cannot read IP mode file for STMicroelectronics.X-CUBE-AZRTOS-G4.2.0.0
2025-03-02 15:06:28,755 [WARN] PackLoader:240 - Cannot read IP mode file for STMicroelectronics.X-CUBE-IPS.3.1.0
2025-03-02 15:06:28,776 [WARN] PackLoader:240 - Cannot read IP mode file for STMicroelectronics.X-CUBE-ALS.1.0.2
2025-03-02 15:06:28,794 [WARN] PackLoader:240 - Cannot read IP mode file for STMicroelectronics.X-CUBE-TOUCHGFX.4.24.2
2025-03-02 15:06:28,799 [WARN] PackLoader:240 - Cannot read IP mode file for wolfSSL.I-CUBE-wolfTPM.3.4.0
2025-03-02 15:06:28,815 [WARN] PackLoader:240 - Cannot read IP mode file for portGmbH.I-Cube-SoM-uGOAL.1.1.0
2025-03-02 15:06:28,843 [WARN] PackLoader:240 - Cannot read IP mode file for STMicroelectronics.X-CUBE-AZRTOS-H7RS.1.0.0
2025-03-02 15:06:28,865 [WARN] PackLoader:240 - Cannot read IP mode file for STMicroelectronics.X-CUBE-TOF1.3.4.2
2025-03-02 15:06:28,875 [WARN] PackLoader:240 - Cannot read IP mode file for wolfSSL.I-CUBE-wolfSSH.1.4.17
2025-03-02 15:06:28,876 [INFO] ThirdParty:978 - Integrity check success = true
2025-03-02 15:06:28,876 [INFO] IntegrityCheckThread:100 - exiting critical section [integrity check]
2025-03-02 15:06:28,876 [INFO] IntegrityCheckThread:103 - End integrity checks thread
2025-03-02 15:13:20,800 [INFO] LogOutputStream:77 - [STDOUT_REDIRECT] StartTraceHandler.execute(), success : Collect=false
2025-03-02 15:13:33,096 [INFO] LogOutputStream:77 - [STDOUT_REDIRECT] StartTraceHandler.execute(), success : Collect=true
2025-03-02 15:23:10,252 [INFO] LogOutputStream:77 - [STDOUT_REDIRECT] StartTraceHandler.execute(), success : Collect=false
2025-03-02 15:23:19,017 [INFO] LogOutputStream:77 - [STDOUT_REDIRECT] StartTraceHandler.execute(), success : Collect=true
2025-03-02 15:43:05,155 [INFO] LogOutputStream:77 - [STDOUT_REDIRECT] StartTraceHandler.execute(), success : Collect=false
2025-03-02 15:52:14,978 [INFO] LogOutputStream:77 - [STDOUT_REDIRECT] StartTraceHandler.execute(), success : Collect=false
2025-03-02 15:52:17,887 [INFO] LogOutputStream:77 - [STDOUT_REDIRECT] StartTraceHandler.execute(), success : Collect=true
2025-03-02 22:23:40,656 [INFO] WebApp:190 - Connection lost
2025-03-02 22:23:47,114 [INFO] WebApp:187 - Connection restablished
2025-03-02 23:09:45,531 [INFO] WebApp:190 - Connection lost
2025-03-02 23:09:52,535 [INFO] WebApp:187 - Connection restablished
